2021-05-05 14:48:02.500  INFO 6956 --- [main] cn.ywrby.YwrbyBlogApplicationTests       : Starting YwrbyBlogApplicationTests using Java 1.8.0_292 on LAPTOP-F22K8RSU with PID 6956 (started by Ywrby in C:\CodingFiles\YwrbyBlog)
2021-05-05 14:48:02.500 DEBUG 6956 --- [main] cn.ywrby.YwrbyBlogApplicationTests       : Running with Spring Boot v2.4.5, Spring v5.3.6
2021-05-05 14:48:02.500  INFO 6956 --- [main] cn.ywrby.YwrbyBlogApplicationTests       : No active profile set, falling back to default profiles: default
2021-05-05 14:48:03.125  INFO 6956 --- [main] .s.d.r.c.RepositoryConfigurationDelegate : Bootstrapping Spring Data JPA repositories in DEFAULT mode.
2021-05-05 14:48:03.141  INFO 6956 --- [main] .s.d.r.c.RepositoryConfigurationDelegate : Finished Spring Data repository scanning in 8 ms. Found 0 JPA repository interfaces.
2021-05-05 14:48:03.598  INFO 6956 --- [main] com.zaxxer.hikari.HikariDataSource       : HikariPool-1 - Starting...
2021-05-05 14:48:03.866  INFO 6956 --- [main] com.zaxxer.hikari.HikariDataSource       : HikariPool-1 - Start completed.
2021-05-05 14:48:03.919  INFO 6956 --- [main] o.hibernate.jpa.internal.util.LogHelper  : HHH000204: Processing PersistenceUnitInfo [name: default]
2021-05-05 14:48:03.976  INFO 6956 --- [main] org.hibernate.Version                    : HHH000412: Hibernate ORM core version 5.4.30.Final
2021-05-05 14:48:04.116  INFO 6956 --- [main] o.hibernate.annotations.common.Version   : HCANN000001: Hibernate Commons Annotations {5.1.2.Final}
2021-05-05 14:48:04.437  INFO 6956 --- [main] org.hibernate.dialect.Dialect            : HHH000400: Using dialect: org.hibernate.dialect.MySQL57Dialect
2021-05-05 14:48:04.632  INFO 6956 --- [main] o.h.e.t.j.p.i.JtaPlatformInitiator       : HHH000490: Using JtaPlatform implementation: [org.hibernate.engine.transaction.jta.platform.internal.NoJtaPlatform]
2021-05-05 14:48:04.647  INFO 6956 --- [main] j.LocalContainerEntityManagerFactoryBean : Initialized JPA EntityManagerFactory for persistence unit 'default'
2021-05-05 14:48:05.117  WARN 6956 --- [main] JpaBaseConfiguration$JpaWebConfiguration : spring.jpa.open-in-view is enabled by default. Therefore, database queries may be performed during view rendering. Explicitly configure spring.jpa.open-in-view to disable this warning
2021-05-05 14:48:05.317  INFO 6956 --- [main] o.s.s.concurrent.ThreadPoolTaskExecutor  : Initializing ExecutorService 'applicationTaskExecutor'
2021-05-05 14:48:05.427  INFO 6956 --- [main] o.s.b.a.w.s.WelcomePageHandlerMapping    : Adding welcome page template: index
2021-05-05 14:48:05.928  INFO 6956 --- [main] cn.ywrby.YwrbyBlogApplicationTests       : Started YwrbyBlogApplicationTests in 3.728 seconds (JVM running for 4.46)
2021-05-05 14:48:06.055  INFO 6956 --- [SpringContextShutdownHook] o.s.s.concurrent.ThreadPoolTaskExecutor  : Shutting down ExecutorService 'applicationTaskExecutor'
2021-05-05 14:48:06.055  INFO 6956 --- [SpringContextShutdownHook] j.LocalContainerEntityManagerFactoryBean : Closing JPA EntityManagerFactory for persistence unit 'default'
2021-05-05 14:48:06.055  INFO 6956 --- [SpringContextShutdownHook] com.zaxxer.hikari.HikariDataSource       : HikariPool-1 - Shutdown initiated...
2021-05-05 14:48:06.072  INFO 6956 --- [SpringContextShutdownHook] com.zaxxer.hikari.HikariDataSource       : HikariPool-1 - Shutdown completed.
2021-05-05 14:48:12.136  INFO 6736 --- [restartedMain] cn.ywrby.YwrbyBlogApplication            : Starting YwrbyBlogApplication using Java 1.8.0_292 on LAPTOP-F22K8RSU with PID 6736 (C:\CodingFiles\YwrbyBlog\target\classes started by Ywrby in C:\CodingFiles\YwrbyBlog)
2021-05-05 14:48:12.136 DEBUG 6736 --- [restartedMain] cn.ywrby.YwrbyBlogApplication            : Running with Spring Boot v2.4.5, Spring v5.3.6
2021-05-05 14:48:12.136  INFO 6736 --- [restartedMain] cn.ywrby.YwrbyBlogApplication            : No active profile set, falling back to default profiles: default
2021-05-05 14:48:12.168  INFO 6736 --- [restartedMain] .e.DevToolsPropertyDefaultsPostProcessor : Devtools property defaults active! Set 'spring.devtools.add-properties' to 'false' to disable
2021-05-05 14:48:12.168  INFO 6736 --- [restartedMain] .e.DevToolsPropertyDefaultsPostProcessor : For additional web related logging consider setting the 'logging.level.web' property to 'DEBUG'
2021-05-05 14:48:12.640  INFO 6736 --- [restartedMain] .s.d.r.c.RepositoryConfigurationDelegate : Bootstrapping Spring Data JPA repositories in DEFAULT mode.
2021-05-05 14:48:12.656  INFO 6736 --- [restartedMain] .s.d.r.c.RepositoryConfigurationDelegate : Finished Spring Data repository scanning in 7 ms. Found 0 JPA repository interfaces.
2021-05-05 14:48:12.985  INFO 6736 --- [restartedMain] o.s.b.w.embedded.tomcat.TomcatWebServer  : Tomcat initialized with port(s): 8080 (http)
2021-05-05 14:48:13.001  INFO 6736 --- [restartedMain] o.apache.catalina.core.StandardService   : Starting service [Tomcat]
2021-05-05 14:48:13.001  INFO 6736 --- [restartedMain] org.apache.catalina.core.StandardEngine  : Starting Servlet engine: [Apache Tomcat/9.0.45]
2021-05-05 14:48:13.065  INFO 6736 --- [restartedMain] o.a.c.c.C.[Tomcat].[localhost].[/]       : Initializing Spring embedded WebApplicationContext
2021-05-05 14:48:13.065  INFO 6736 --- [restartedMain] w.s.c.ServletWebServerApplicationContext : Root WebApplicationContext: initialization completed in 897 ms
2021-05-05 14:48:13.129  INFO 6736 --- [restartedMain] com.zaxxer.hikari.HikariDataSource       : HikariPool-1 - Starting...
2021-05-05 14:48:13.821  INFO 6736 --- [restartedMain] com.zaxxer.hikari.HikariDataSource       : HikariPool-1 - Start completed.
2021-05-05 14:48:13.849  INFO 6736 --- [restartedMain] o.hibernate.jpa.internal.util.LogHelper  : HHH000204: Processing PersistenceUnitInfo [name: default]
2021-05-05 14:48:13.876  INFO 6736 --- [restartedMain] org.hibernate.Version                    : HHH000412: Hibernate ORM core version 5.4.30.Final
2021-05-05 14:48:13.942  INFO 6736 --- [restartedMain] o.hibernate.annotations.common.Version   : HCANN000001: Hibernate Commons Annotations {5.1.2.Final}
2021-05-05 14:48:14.011  INFO 6736 --- [restartedMain] org.hibernate.dialect.Dialect            : HHH000400: Using dialect: org.hibernate.dialect.MySQL57Dialect
2021-05-05 14:48:14.110  INFO 6736 --- [restartedMain] o.h.e.t.j.p.i.JtaPlatformInitiator       : HHH000490: Using JtaPlatform implementation: [org.hibernate.engine.transaction.jta.platform.internal.NoJtaPlatform]
2021-05-05 14:48:14.118  INFO 6736 --- [restartedMain] j.LocalContainerEntityManagerFactoryBean : Initialized JPA EntityManagerFactory for persistence unit 'default'
2021-05-05 14:48:14.318  WARN 6736 --- [restartedMain] JpaBaseConfiguration$JpaWebConfiguration : spring.jpa.open-in-view is enabled by default. Therefore, database queries may be performed during view rendering. Explicitly configure spring.jpa.open-in-view to disable this warning
2021-05-05 14:48:14.386  INFO 6736 --- [restartedMain] o.s.s.concurrent.ThreadPoolTaskExecutor  : Initializing ExecutorService 'applicationTaskExecutor'
2021-05-05 14:48:14.432  INFO 6736 --- [restartedMain] o.s.b.a.w.s.WelcomePageHandlerMapping    : Adding welcome page template: index
2021-05-05 14:48:14.737  INFO 6736 --- [restartedMain] o.s.b.d.a.OptionalLiveReloadServer       : LiveReload server is running on port 35729
2021-05-05 14:48:14.772  INFO 6736 --- [restartedMain] o.s.b.w.embedded.tomcat.TomcatWebServer  : Tomcat started on port(s): 8080 (http) with context path ''
2021-05-05 14:48:14.774  INFO 6736 --- [restartedMain] cn.ywrby.YwrbyBlogApplication            : Started YwrbyBlogApplication in 2.958 seconds (JVM running for 3.807)
2021-05-05 14:48:40.474  INFO 6736 --- [http-nio-8080-exec-1] o.a.c.c.C.[Tomcat].[localhost].[/]       : Initializing Spring DispatcherServlet 'dispatcherServlet'
2021-05-05 14:48:40.474  INFO 6736 --- [http-nio-8080-exec-1] o.s.web.servlet.DispatcherServlet        : Initializing Servlet 'dispatcherServlet'
2021-05-05 14:48:40.476  INFO 6736 --- [http-nio-8080-exec-1] o.s.web.servlet.DispatcherServlet        : Completed initialization in 2 ms
2021-05-05 14:59:22.822  INFO 17696 --- [main] cn.ywrby.YwrbyBlogApplicationTests       : Starting YwrbyBlogApplicationTests using Java 1.8.0_292 on LAPTOP-F22K8RSU with PID 17696 (started by Ywrby in C:\CodingFiles\YwrbyBlog)
2021-05-05 14:59:22.823 DEBUG 17696 --- [main] cn.ywrby.YwrbyBlogApplicationTests       : Running with Spring Boot v2.4.5, Spring v5.3.6
2021-05-05 14:59:22.824  INFO 17696 --- [main] cn.ywrby.YwrbyBlogApplicationTests       : No active profile set, falling back to default profiles: default
2021-05-05 14:59:23.372  INFO 17696 --- [main] .s.d.r.c.RepositoryConfigurationDelegate : Bootstrapping Spring Data JPA repositories in DEFAULT mode.
2021-05-05 14:59:23.385  INFO 17696 --- [main] .s.d.r.c.RepositoryConfigurationDelegate : Finished Spring Data repository scanning in 8 ms. Found 0 JPA repository interfaces.
2021-05-05 14:59:23.801  INFO 17696 --- [main] com.zaxxer.hikari.HikariDataSource       : HikariPool-1 - Starting...
2021-05-05 14:59:24.156  INFO 17696 --- [main] com.zaxxer.hikari.HikariDataSource       : HikariPool-1 - Start completed.
2021-05-05 14:59:24.203  INFO 17696 --- [main] o.hibernate.jpa.internal.util.LogHelper  : HHH000204: Processing PersistenceUnitInfo [name: default]
2021-05-05 14:59:24.244  INFO 17696 --- [main] org.hibernate.Version                    : HHH000412: Hibernate ORM core version 5.4.30.Final
2021-05-05 14:59:24.360  INFO 17696 --- [main] o.hibernate.annotations.common.Version   : HCANN000001: Hibernate Commons Annotations {5.1.2.Final}
2021-05-05 14:59:24.643  INFO 17696 --- [main] org.hibernate.dialect.Dialect            : HHH000400: Using dialect: org.hibernate.dialect.MySQL57Dialect
2021-05-05 14:59:24.809  INFO 17696 --- [main] o.h.e.t.j.p.i.JtaPlatformInitiator       : HHH000490: Using JtaPlatform implementation: [org.hibernate.engine.transaction.jta.platform.internal.NoJtaPlatform]
2021-05-05 14:59:24.817  INFO 17696 --- [main] j.LocalContainerEntityManagerFactoryBean : Initialized JPA EntityManagerFactory for persistence unit 'default'
2021-05-05 14:59:25.230  WARN 17696 --- [main] JpaBaseConfiguration$JpaWebConfiguration : spring.jpa.open-in-view is enabled by default. Therefore, database queries may be performed during view rendering. Explicitly configure spring.jpa.open-in-view to disable this warning
2021-05-05 14:59:25.477  INFO 17696 --- [main] o.s.s.concurrent.ThreadPoolTaskExecutor  : Initializing ExecutorService 'applicationTaskExecutor'
2021-05-05 14:59:25.584  INFO 17696 --- [main] o.s.b.a.w.s.WelcomePageHandlerMapping    : Adding welcome page template: index
2021-05-05 14:59:26.104  INFO 17696 --- [main] cn.ywrby.YwrbyBlogApplicationTests       : Started YwrbyBlogApplicationTests in 3.527 seconds (JVM running for 4.219)
2021-05-05 14:59:26.207  INFO 17696 --- [SpringContextShutdownHook] o.s.s.concurrent.ThreadPoolTaskExecutor  : Shutting down ExecutorService 'applicationTaskExecutor'
2021-05-05 14:59:26.208  INFO 17696 --- [SpringContextShutdownHook] j.LocalContainerEntityManagerFactoryBean : Closing JPA EntityManagerFactory for persistence unit 'default'
2021-05-05 14:59:26.210  INFO 17696 --- [SpringContextShutdownHook] com.zaxxer.hikari.HikariDataSource       : HikariPool-1 - Shutdown initiated...
2021-05-05 14:59:26.219  INFO 17696 --- [SpringContextShutdownHook] com.zaxxer.hikari.HikariDataSource       : HikariPool-1 - Shutdown completed.
2021-05-05 14:59:29.609  INFO 23260 --- [restartedMain] cn.ywrby.YwrbyBlogApplication            : Starting YwrbyBlogApplication using Java 1.8.0_292 on LAPTOP-F22K8RSU with PID 23260 (C:\CodingFiles\YwrbyBlog\target\classes started by Ywrby in C:\CodingFiles\YwrbyBlog)
2021-05-05 14:59:29.611 DEBUG 23260 --- [restartedMain] cn.ywrby.YwrbyBlogApplication            : Running with Spring Boot v2.4.5, Spring v5.3.6
2021-05-05 14:59:29.611  INFO 23260 --- [restartedMain] cn.ywrby.YwrbyBlogApplication            : No active profile set, falling back to default profiles: default
2021-05-05 14:59:29.641  INFO 23260 --- [restartedMain] .e.DevToolsPropertyDefaultsPostProcessor : Devtools property defaults active! Set 'spring.devtools.add-properties' to 'false' to disable
2021-05-05 14:59:29.641  INFO 23260 --- [restartedMain] .e.DevToolsPropertyDefaultsPostProcessor : For additional web related logging consider setting the 'logging.level.web' property to 'DEBUG'
2021-05-05 14:59:30.038  INFO 23260 --- [restartedMain] .s.d.r.c.RepositoryConfigurationDelegate : Bootstrapping Spring Data JPA repositories in DEFAULT mode.
2021-05-05 14:59:30.051  INFO 23260 --- [restartedMain] .s.d.r.c.RepositoryConfigurationDelegate : Finished Spring Data repository scanning in 7 ms. Found 0 JPA repository interfaces.
2021-05-05 14:59:30.395  INFO 23260 --- [restartedMain] o.s.b.w.embedded.tomcat.TomcatWebServer  : Tomcat initialized with port(s): 8080 (http)
2021-05-05 14:59:30.401  INFO 23260 --- [restartedMain] o.apache.catalina.core.StandardService   : Starting service [Tomcat]
2021-05-05 14:59:30.401  INFO 23260 --- [restartedMain] org.apache.catalina.core.StandardEngine  : Starting Servlet engine: [Apache Tomcat/9.0.45]
2021-05-05 14:59:30.460  INFO 23260 --- [restartedMain] o.a.c.c.C.[Tomcat].[localhost].[/]       : Initializing Spring embedded WebApplicationContext
2021-05-05 14:59:30.461  INFO 23260 --- [restartedMain] w.s.c.ServletWebServerApplicationContext : Root WebApplicationContext: initialization completed in 819 ms
2021-05-05 14:59:30.531  INFO 23260 --- [restartedMain] com.zaxxer.hikari.HikariDataSource       : HikariPool-1 - Starting...
2021-05-05 14:59:30.787  INFO 23260 --- [restartedMain] com.zaxxer.hikari.HikariDataSource       : HikariPool-1 - Start completed.
2021-05-05 14:59:30.816  INFO 23260 --- [restartedMain] o.hibernate.jpa.internal.util.LogHelper  : HHH000204: Processing PersistenceUnitInfo [name: default]
2021-05-05 14:59:30.841  INFO 23260 --- [restartedMain] org.hibernate.Version                    : HHH000412: Hibernate ORM core version 5.4.30.Final
2021-05-05 14:59:30.910  INFO 23260 --- [restartedMain] o.hibernate.annotations.common.Version   : HCANN000001: Hibernate Commons Annotations {5.1.2.Final}
2021-05-05 14:59:30.976  INFO 23260 --- [restartedMain] org.hibernate.dialect.Dialect            : HHH000400: Using dialect: org.hibernate.dialect.MySQL57Dialect
2021-05-05 14:59:31.074  INFO 23260 --- [restartedMain] o.h.e.t.j.p.i.JtaPlatformInitiator       : HHH000490: Using JtaPlatform implementation: [org.hibernate.engine.transaction.jta.platform.internal.NoJtaPlatform]
2021-05-05 14:59:31.082  INFO 23260 --- [restartedMain] j.LocalContainerEntityManagerFactoryBean : Initialized JPA EntityManagerFactory for persistence unit 'default'
2021-05-05 14:59:31.282  WARN 23260 --- [restartedMain] JpaBaseConfiguration$JpaWebConfiguration : spring.jpa.open-in-view is enabled by default. Therefore, database queries may be performed during view rendering. Explicitly configure spring.jpa.open-in-view to disable this warning
2021-05-05 14:59:31.356  INFO 23260 --- [restartedMain] o.s.s.concurrent.ThreadPoolTaskExecutor  : Initializing ExecutorService 'applicationTaskExecutor'
2021-05-05 14:59:31.408  INFO 23260 --- [restartedMain] o.s.b.a.w.s.WelcomePageHandlerMapping    : Adding welcome page template: index
2021-05-05 14:59:31.715  INFO 23260 --- [restartedMain] o.s.b.d.a.OptionalLiveReloadServer       : LiveReload server is running on port 35729
2021-05-05 14:59:31.740  INFO 23260 --- [restartedMain] o.s.b.w.embedded.tomcat.TomcatWebServer  : Tomcat started on port(s): 8080 (http) with context path ''
2021-05-05 14:59:31.748  INFO 23260 --- [restartedMain] cn.ywrby.YwrbyBlogApplication            : Started YwrbyBlogApplication in 2.412 seconds (JVM running for 3.049)
2021-05-05 14:59:55.817  INFO 23260 --- [http-nio-8080-exec-2] o.a.c.c.C.[Tomcat].[localhost].[/]       : Initializing Spring DispatcherServlet 'dispatcherServlet'
2021-05-05 14:59:55.817  INFO 23260 --- [http-nio-8080-exec-2] o.s.web.servlet.DispatcherServlet        : Initializing Servlet 'dispatcherServlet'
2021-05-05 14:59:55.818  INFO 23260 --- [http-nio-8080-exec-2] o.s.web.servlet.DispatcherServlet        : Completed initialization in 1 ms
